<?xml version="1.0" encoding="UTF-8"?>
<testsuite name="io.github.bjornvdlaan.examples.edgecases.EdgeCaseTest" tests="11" skipped="0" failures="0" errors="0" timestamp="2026-02-28T12:36:37" hostname="VROUWTJE" time="0.044">
  <properties/>
  <testcase name="orderLine_withZeroQuantity_throwsIllegalArgument()" classname="io.github.bjornvdlaan.examples.edgecases.EdgeCaseTest" time="0.005"/>
  <testcase name="anyInt_range_neverExceedsMax()" classname="io.github.bjornvdlaan.examples.edgecases.EdgeCaseTest" time="0.002"/>
  <testcase name="placeOrder_withExactly18_succeeds()" classname="io.github.bjornvdlaan.examples.edgecases.EdgeCaseTest" time="0.002"/>
  <testcase name="placeOrder_withUnderageCustomer_throwsIllegalArgument()" classname="io.github.bjornvdlaan.examples.edgecases.EdgeCaseTest" time="0.002"/>
  <testcase name="anyDouble_atBoundaries_isWithinRange()" classname="io.github.bjornvdlaan.examples.edgecases.EdgeCaseTest" time="0.004"/>
  <testcase name="orderLine_withNegativeQuantity_throwsIllegalArgument()" classname="io.github.bjornvdlaan.examples.edgecases.EdgeCaseTest" time="0.002"/>
  <testcase name="anyOf_singleOption_alwaysReturnsThatOption()" classname="io.github.bjornvdlaan.examples.edgecases.EdgeCaseTest" time="0.002"/>
  <testcase name="product_withNegativePrice_throwsIllegalArgument()" classname="io.github.bjornvdlaan.examples.edgecases.EdgeCaseTest" time="0.002"/>
  <testcase name="anyNullableOf_withZeroProbability_neverReturnsNull()" classname="io.github.bjornvdlaan.examples.edgecases.EdgeCaseTest" time="0.004"/>
  <testcase name="placeOrder_withEmptyLines_throwsIllegalArgument()" classname="io.github.bjornvdlaan.examples.edgecases.EdgeCaseTest" time="0.002"/>
  <testcase name="anyNullableOf_withFullProbability_alwaysReturnsNull()" classname="io.github.bjornvdlaan.examples.edgecases.EdgeCaseTest" time="0.001"/>
  <system-out><![CDATA[]]></system-out>
  <system-err><![CDATA[]]></system-err>
</testsuite>
